14:08:49 **** Incremental Build of configuration Debug for project Mini_Project_4 ****
make all 
Building file: ../car_parking_sensor.c
Invoking: AVR Compiler
avr-gcc -Wall -g2 -gstabs -O0 -fpack-struct -fshort-enums -ffunction-sections -fdata-sections -std=gnu99 -funsigned-char -funsigned-bitfields -mmcu=atmega32 -DF_CPU=16000000UL -MMD -MP -MF"car_parking_sensor.d" -MT"car_parking_sensor.o" -c -o "car_parking_sensor.o" "../car_parking_sensor.c"
Finished building: ../car_parking_sensor.c
 
Building target: Mini_Project_4.elf
Invoking: AVR C Linker
avr-gcc -Wl,-Map,Mini_Project_4.map -mmcu=atmega32 -o "Mini_Project_4.elf"  ./buzzer.o ./car_parking_sensor.o ./gpio.o ./icu.o ./lcd.o ./led.o ./ultrasonic.o   
Finished building target: Mini_Project_4.elf
 
Invoking: AVR Create Extended Listing
avr-objdump -h -S Mini_Project_4.elf  >"Mini_Project_4.lss"
Finished building: Mini_Project_4.lss
 
Create Flash image (ihex format)
avr-objcopy -R .eeprom -R .fuse -R .lock -R .signature -O ihex Mini_Project_4.elf  "Mini_Project_4.hex"
Finished building: Mini_Project_4.hex
 
Invoking: Print Size
avr-size --format=avr --mcu=atmega32 Mini_Project_4.elf
AVR Memory Usage
----------------
Device: atmega32

Program:   13498 bytes (41.2% Full)
(.text + .data + .bootloader)

Data:        301 bytes (14.7% Full)
(.data + .bss + .noinit)


Finished building: sizedummy
 

14:08:50 Build Finished. 0 errors, 0 warnings. (took 846ms)

